# JRE version: OpenJDK Runtime Environment (11.0.15) (build 11.0.15+0-b2043.56-9505619)
# Java VM: OpenJDK 64-Bit Server VM (11.0.15+0-b2043.56-9505619, mixed mode, tiered, compressed oops, g1 gc, windows-amd64)
Heap:
 garbage-first heap   total 83968K, used 50312K [0x0000000080000000, 0x0000000100000000)
  region size 1024K, 6 young (6144K), 1 survivors (1024K)
 Metaspace       used 61666K, capacity 63288K, committed 63664K, reserved 1103872K
  class space    used 7727K, capacity 8322K, committed 8448K, reserved 1048576K
GC Heap History (20 events):
Event: 15.155 GC heap after
{Heap after GC invocations=22 (full 0):
 garbage-first heap   total 69632K, used 28460K [0x0000000080000000, 0x0000000100000000)
  region size 1024K, 2 young (2048K), 2 survivors (2048K)
 Metaspace       used 40966K, capacity 41987K, committed 42160K, reserved 1085440K
  class space    used 5172K, capacity 5555K, committed 5632K, reserved 1048576K
}
Event: 15.990 GC heap before
{Heap before GC invocations=22 (full 0):
 garbage-first heap   total 69632K, used 48940K [0x0000000080000000, 0x0000000100000000)
  region size 1024K, 22 young (22528K), 2 survivors (2048K)
 Metaspace       used 42604K, capacity 43621K, committed 43952K, reserved 1087488K
  class space    used 5405K, capacity 5793K, committed 5888K, reserved 1048576K
}
Event: 15.998 GC heap after
{Heap after GC invocations=23 (full 0):
 garbage-first heap   total 69632K, used 29918K [0x0000000080000000, 0x0000000100000000)
  region size 1024K, 3 young (3072K), 3 survivors (3072K)
 Metaspace       used 42604K, capacity 43621K, committed 43952K, reserved 1087488K
  class space    used 5405K, capacity 5793K, committed 5888K, reserved 1048576K
}
Event: 16.972 GC heap before
{Heap before GC invocations=23 (full 0):
 garbage-first heap   total 69632K, used 50398K [0x0000000080000000, 0x0000000100000000)
  region size 1024K, 23 young (23552K), 3 survivors (3072K)
 Metaspace       used 44967K, capacity 46080K, committed 46256K, reserved 1089536K
  class space    used 5661K, capacity 6075K, committed 6144K, reserved 1048576K
}
Event: 16.982 GC heap after
{Heap after GC invocations=24 (full 0):
 garbage-first heap   total 69632K, used 30761K [0x0000000080000000, 0x0000000100000000)
  region size 1024K, 3 young (3072K), 3 survivors (3072K)
 Metaspace       used 44967K, capacity 46080K, committed 46256K, reserved 1089536K
  class space    used 5661K, capacity 6075K, committed 6144K, reserved 1048576K
}
Event: 17.548 GC heap before
{Heap before GC invocations=24 (full 0):
 garbage-first heap   total 69632K, used 51241K [0x0000000080000000, 0x0000000100000000)
  region size 1024K, 23 young (23552K), 3 survivors (3072K)
 Metaspace       used 46324K, capacity 47471K, committed 47792K, reserved 1091584K
  class space    used 5875K, capacity 6307K, committed 6400K, reserved 1048576K
}
Event: 17.556 GC heap after
{Heap after GC invocations=25 (full 0):
 garbage-first heap   total 69632K, used 31736K [0x0000000080000000, 0x0000000100000000)
  region size 1024K, 2 young (2048K), 2 survivors (2048K)
 Metaspace       used 46324K, capacity 47471K, committed 47792K, reserved 1091584K
  class space    used 5875K, capacity 6307K, committed 6400K, reserved 1048576K
}
Event: 17.923 GC heap before
{Heap before GC invocations=25 (full 0):
 garbage-first heap   total 69632K, used 52216K [0x0000000080000000, 0x0000000100000000)
  region size 1024K, 22 young (22528K), 2 survivors (2048K)
 Metaspace       used 47981K, capacity 49130K, committed 49328K, reserved 1091584K
  class space    used 6100K, capacity 6540K, committed 6656K, reserved 1048576K
}
Event: 17.929 GC heap after
{Heap after GC invocations=26 (full 0):
 garbage-first heap   total 83968K, used 32096K [0x0000000080000000, 0x0000000100000000)
  region size 1024K, 2 young (2048K), 2 survivors (2048K)
 Metaspace       used 47981K, capacity 49130K, committed 49328K, reserved 1091584K
  class space    used 6100K, capacity 6540K, committed 6656K, reserved 1048576K
}
Event: 19.655 GC heap before
{Heap before GC invocations=26 (full 0):
 garbage-first heap   total 83968K, used 58720K [0x0000000080000000, 0x0000000100000000)
  region size 1024K, 28 young (28672K), 2 survivors (2048K)
 Metaspace       used 49498K, capacity 50838K, committed 50992K, reserved 1093632K
  class space    used 6258K, capacity 6745K, committed 6784K, reserved 1048576K
}
Event: 19.662 GC heap after
{Heap after GC invocations=27 (full 0):
 garbage-first heap   total 83968K, used 33576K [0x0000000080000000, 0x0000000100000000)
  region size 1024K, 3 young (3072K), 3 survivors (3072K)
 Metaspace       used 49498K, capacity 50838K, committed 50992K, reserved 1093632K
  class space    used 6258K, capacity 6745K, committed 6784K, reserved 1048576K
}
Event: 20.932 GC heap before
{Heap before GC invocations=27 (full 0):
 garbage-first heap   total 83968K, used 63272K [0x0000000080000000, 0x0000000100000000)
  region size 1024K, 30 young (30720K), 3 survivors (3072K)
 Metaspace       used 51225K, capacity 52695K, committed 52784K, reserved 1095680K
  class space    used 6458K, capacity 7009K, committed 7040K, reserved 1048576K
}
Event: 20.942 GC heap after
{Heap after GC invocations=28 (full 0):
 garbage-first heap   total 83968K, used 41657K [0x0000000080000000, 0x0000000100000000)
  region size 1024K, 4 young (4096K), 4 survivors (4096K)
 Metaspace       used 51225K, capacity 52695K, committed 52784K, reserved 1095680K
  class space    used 6458K, capacity 7009K, committed 7040K, reserved 1048576K
}
Event: 21.852 GC heap before
{Heap before GC invocations=28 (full 0):
 garbage-first heap   total 83968K, used 63161K [0x0000000080000000, 0x0000000100000000)
  region size 1024K, 25 young (25600K), 4 survivors (4096K)
 Metaspace       used 53940K, capacity 55445K, committed 55728K, reserved 1097728K
  class space    used 6824K, capacity 7368K, committed 7424K, reserved 1048576K
}
Event: 21.861 GC heap after
{Heap after GC invocations=29 (full 0):
 garbage-first heap   total 83968K, used 43008K [0x0000000080000000, 0x0000000100000000)
  region size 1024K, 1 young (1024K), 1 survivors (1024K)
 Metaspace       used 53940K, capacity 55445K, committed 55728K, reserved 1097728K
  class space    used 6824K, capacity 7368K, committed 7424K, reserved 1048576K
}
Event: 22.754 GC heap before
{Heap before GC invocations=30 (full 0):
 garbage-first heap   total 83968K, used 64512K [0x0000000080000000, 0x0000000100000000)
  region size 1024K, 22 young (22528K), 1 survivors (1024K)
 Metaspace       used 57374K, capacity 58890K, committed 59184K, reserved 1101824K
  class space    used 7155K, capacity 7704K, committed 7808K, reserved 1048576K
}
Event: 22.760 GC heap after
{Heap after GC invocations=31 (full 0):
 garbage-first heap   total 83968K, used 43765K [0x0000000080000000, 0x0000000100000000)
  region size 1024K, 2 young (2048K), 2 survivors (2048K)
 Metaspace       used 57374K, capacity 58890K, committed 59184K, reserved 1101824K
  class space    used 7155K, capacity 7704K, committed 7808K, reserved 1048576K
}
Event: 23.564 GC heap before
{Heap before GC invocations=31 (full 0):
 garbage-first heap   total 83968K, used 64245K [0x0000000080000000, 0x0000000100000000)
  region size 1024K, 23 young (23552K), 2 survivors (2048K)
 Metaspace       used 60266K, capacity 61871K, committed 61872K, reserved 1103872K
  class space    used 7584K, capacity 8192K, committed 8192K, reserved 1048576K
}
Event: 23.574 GC heap after
{Heap after GC invocations=32 (full 0):
 garbage-first heap   total 83968K, used 45377K [0x0000000080000000, 0x0000000100000000)
  region size 1024K, 3 young (3072K), 3 survivors (3072K)
 Metaspace       used 60266K, capacity 61871K, committed 61872K, reserved 1103872K
  class space    used 7584K, capacity 8192K, committed 8192K, reserved 1048576K
}
Event: 24.021 GC heap before
{Heap before GC invocations=33 (full 0):
 garbage-first heap   total 83968K, used 48449K [0x0000000080000000, 0x0000000100000000)
  region size 1024K, 8 young (8192K), 3 survivors (3072K)
 Metaspace       used 61666K, capacity 63288K, committed 63664K, reserved 1103872K
  class space    used 7727K, capacity 8322K, committed 8448K, reserved 1048576K
}

